# JRE version: OpenJDK Runtime Environment (8.0_242-b01) (build 1.8.0_242-release-1644-b01)
# Java VM: OpenJDK 64-Bit Server VM (25.242-b01 mixed mode windows-amd64 compressed oops)
Heap:
 PSYoungGen      total 459776K, used 156920K [0x00000000d5580000, 0x0000000100000000, 0x0000000100000000)
  eden space 302592K, 0% used [0x00000000d5580000,0x00000000d5580000,0x00000000e7d00000)
  from space 157184K, 99% used [0x00000000e7d00000,0x00000000f163e210,0x00000000f1680000)
  to   space 216576K, 0% used [0x00000000f2c80000,0x00000000f2c80000,0x0000000100000000)
 ParOldGen       total 459776K, used 416883K [0x0000000080000000, 0x000000009c100000, 0x00000000d5580000)
  object space 459776K, 90% used [0x0000000080000000,0x000000009971cce8,0x000000009c100000)
 Metaspace       used 108584K, capacity 115452K, committed 120744K, reserved 1155072K
  class space    used 13898K, capacity 15218K, committed 16040K, reserved 1048576K
GC Heap History (10 events):
Event: 2498.818 GC heap after
Heap after GC invocations=48 (full 5):
 PSYoungGen      total 602624K, used 31188K [0x00000000d5580000, 0x0000000100000000, 0x0000000100000000)
  eden space 520704K, 0% used [0x00000000d5580000,0x00000000d5580000,0x00000000f5200000)
  from space 81920K, 38% used [0x00000000f5200000,0x00000000f70751e0,0x00000000fa200000)
  to   space 96256K, 0% used [0x00000000fa200000,0x00000000fa200000,0x0000000100000000)
 ParOldGen       total 459776K, used 279330K [0x0000000080000000, 0x000000009c100000, 0x00000000d5580000)
  object space 459776K, 60% used [0x0000000080000000,0x00000000910c8820,0x000000009c100000)
 Metaspace       used 106661K, capacity 113180K, committed 120744K, reserved 1155072K
  class space    used 13689K, capacity 14913K, committed 16040K, reserved 1048576K
}
Event: 2593.734 GC heap before
{Heap before GC invocations=49 (full 5):
 PSYoungGen      total 602624K, used 551892K [0x00000000d5580000, 0x0000000100000000, 0x0000000100000000)
  eden space 520704K, 100% used [0x00000000d5580000,0x00000000f5200000,0x00000000f5200000)
  from space 81920K, 38% used [0x00000000f5200000,0x00000000f70751e0,0x00000000fa200000)
  to   space 96256K, 0% used [0x00000000fa200000,0x00000000fa200000,0x0000000100000000)
 ParOldGen       total 459776K, used 279330K [0x0000000080000000, 0x000000009c100000, 0x00000000d5580000)
  object space 459776K, 60% used [0x0000000080000000,0x00000000910c8820,0x000000009c100000)
 Metaspace       used 107820K, capacity 114662K, committed 120744K, reserved 1155072K
  class space    used 13840K, capacity 15145K, committed 16040K, reserved 1048576K
Event: 2593.938 GC heap after
Heap after GC invocations=49 (full 5):
 PSYoungGen      total 513536K, used 51590K [0x00000000d5580000, 0x0000000100000000, 0x0000000100000000)
  eden space 417280K, 0% used [0x00000000d5580000,0x00000000d5580000,0x00000000eed00000)
  from space 96256K, 53% used [0x00000000fa200000,0x00000000fd461890,0x0000000100000000)
  to   space 140800K, 0% used [0x00000000eed00000,0x00000000eed00000,0x00000000f7680000)
 ParOldGen       total 459776K, used 279338K [0x0000000080000000, 0x000000009c100000, 0x00000000d5580000)
  object space 459776K, 60% used [0x0000000080000000,0x00000000910ca820,0x000000009c100000)
 Metaspace       used 107820K, capacity 114662K, committed 120744K, reserved 1155072K
  class space    used 13840K, capacity 15145K, committed 16040K, reserved 1048576K
}
Event: 2603.193 GC heap before
{Heap before GC invocations=50 (full 5):
 PSYoungGen      total 513536K, used 468870K [0x00000000d5580000, 0x0000000100000000, 0x0000000100000000)
  eden space 417280K, 100% used [0x00000000d5580000,0x00000000eed00000,0x00000000eed00000)
  from space 96256K, 53% used [0x00000000fa200000,0x00000000fd461890,0x0000000100000000)
  to   space 140800K, 0% used [0x00000000eed00000,0x00000000eed00000,0x00000000f7680000)
 ParOldGen       total 459776K, used 279338K [0x0000000080000000, 0x000000009c100000, 0x00000000d5580000)
  object space 459776K, 60% used [0x0000000080000000,0x00000000910ca820,0x000000009c100000)
 Metaspace       used 108488K, capacity 115318K, committed 120744K, reserved 1155072K
  class space    used 13897K, capacity 15217K, committed 16040K, reserved 1048576K
Event: 2603.447 GC heap after
Heap after GC invocations=50 (full 5):
 PSYoungGen      total 499712K, used 81999K [0x00000000d5580000, 0x0000000100000000, 0x0000000100000000)
  eden space 417280K, 0% used [0x00000000d5580000,0x00000000d5580000,0x00000000eed00000)
  from space 82432K, 99% used [0x00000000eed00000,0x00000000f3d13d98,0x00000000f3d80000)
  to   space 142848K, 0% used [0x00000000f7480000,0x00000000f7480000,0x0000000100000000)
 ParOldGen       total 459776K, used 279346K [0x0000000080000000, 0x000000009c100000, 0x00000000d5580000)
  object space 459776K, 60% used [0x0000000080000000,0x00000000910cc820,0x000000009c100000)
 Metaspace       used 108488K, capacity 115318K, committed 120744K, reserved 1155072K
  class space    used 13897K, capacity 15217K, committed 16040K, reserved 1048576K
}
Event: 2607.906 GC heap before
{Heap before GC invocations=51 (full 5):
 PSYoungGen      total 499712K, used 499279K [0x00000000d5580000, 0x0000000100000000, 0x0000000100000000)
  eden space 417280K, 100% used [0x00000000d5580000,0x00000000eed00000,0x00000000eed00000)
  from space 82432K, 99% used [0x00000000eed00000,0x00000000f3d13d98,0x00000000f3d80000)
  to   space 142848K, 0% used [0x00000000f7480000,0x00000000f7480000,0x0000000100000000)
 ParOldGen       total 459776K, used 279346K [0x0000000080000000, 0x000000009c100000, 0x00000000d5580000)
  object space 459776K, 60% used [0x0000000080000000,0x00000000910cc820,0x000000009c100000)
 Metaspace       used 108564K, capacity 115450K, committed 120744K, reserved 1155072K
  class space    used 13897K, capacity 15217K, committed 16040K, reserved 1048576K
Event: 2608.734 GC heap after
Heap after GC invocations=51 (full 5):
 PSYoungGen      total 445440K, used 142817K [0x00000000d5580000, 0x0000000100000000, 0x0000000100000000)
  eden space 302592K, 0% used [0x00000000d5580000,0x00000000d5580000,0x00000000e7d00000)
  from space 142848K, 99% used [0x00000000f7480000,0x00000000ffff8508,0x0000000100000000)
  to   space 198144K, 0% used [0x00000000e7d00000,0x00000000e7d00000,0x00000000f3e80000)
 ParOldGen       total 459776K, used 367134K [0x0000000080000000, 0x000000009c100000, 0x00000000d5580000)
  object space 459776K, 79% used [0x0000000080000000,0x00000000966878a8,0x000000009c100000)
 Metaspace       used 108564K, capacity 115450K, committed 120744K, reserved 1155072K
  class space    used 13897K, capacity 15217K, committed 16040K, reserved 1048576K
}
Event: 2614.665 GC heap before
{Heap before GC invocations=52 (full 5):
 PSYoungGen      total 445440K, used 445409K [0x00000000d5580000, 0x0000000100000000, 0x0000000100000000)
  eden space 302592K, 100% used [0x00000000d5580000,0x00000000e7d00000,0x00000000e7d00000)
  from space 142848K, 99% used [0x00000000f7480000,0x00000000ffff8508,0x0000000100000000)
  to   space 198144K, 0% used [0x00000000e7d00000,0x00000000e7d00000,0x00000000f3e80000)
 ParOldGen       total 459776K, used 367134K [0x0000000080000000, 0x000000009c100000, 0x00000000d5580000)
  object space 459776K, 79% used [0x0000000080000000,0x00000000966878a8,0x000000009c100000)
 Metaspace       used 108584K, capacity 115452K, committed 120744K, reserved 1155072K
  class space    used 13898K, capacity 15218K, committed 16040K, reserved 1048576K
Event: 2615.430 GC heap after
Heap after GC invocations=52 (full 5):
 PSYoungGen      total 459776K, used 156920K [0x00000000d5580000, 0x0000000100000000, 0x0000000100000000)
  eden space 302592K, 0% used [0x00000000d5580000,0x00000000d5580000,0x00000000e7d00000)
  from space 157184K, 99% used [0x00000000e7d00000,0x00000000f163e210,0x00000000f1680000)
  to   space 216576K, 0% used [0x00000000f2c80000,0x00000000f2c80000,0x0000000100000000)
 ParOldGen       total 459776K, used 416883K [0x0000000080000000, 0x000000009c100000, 0x00000000d5580000)
  object space 459776K, 90% used [0x0000000080000000,0x000000009971cce8,0x000000009c100000)
 Metaspace       used 108584K, capacity 115452K, committed 120744K, reserved 1155072K
  class space    used 13898K, capacity 15218K, committed 16040K, reserved 1048576K
}
Event: 2615.430 GC heap before
{Heap before GC invocations=53 (full 6):
 PSYoungGen      total 459776K, used 156920K [0x00000000d5580000, 0x0000000100000000, 0x0000000100000000)
  eden space 302592K, 0% used [0x00000000d5580000,0x00000000d5580000,0x00000000e7d00000)
  from space 157184K, 99% used [0x00000000e7d00000,0x00000000f163e210,0x00000000f1680000)
  to   space 216576K, 0% used [0x00000000f2c80000,0x00000000f2c80000,0x0000000100000000)
 ParOldGen       total 459776K, used 416883K [0x0000000080000000, 0x000000009c100000, 0x00000000d5580000)
  object space 459776K, 90% used [0x0000000080000000,0x000000009971cce8,0x000000009c100000)
 Metaspace       used 108584K, capacity 115452K, committed 120744K, reserved 1155072K
  class space    used 13898K, capacity 15218K, committed 16040K, reserved 1048576K

